// 同步 ID: 441a4371 @ Mon Jun 29 13:38:58 UTC 2026
// 重构日志: 4ef00c2f
// 重构日志: b4118c1d
// 重构日志: 49f6252e
// 重构日志: f0a51354
// 重构日志: 0fcdff00
// 重构日志: b439e637
// 同步 ID: 799ba8b0 @ Sat Jul 11 06:57:59 UTC 2026
// 重构日志: f0a4d1dd
// 重构日志: 5c10cec7
// 同步 ID: 1a4fc078 @ Tue Jul 14 07:20:45 UTC 2026
// 同步 ID: 303a5e1d @ Tue Jul 14 12:56:00 UTC 2026
// 同步 ID: e3b20710 @ Fri Jul 17 04:26:08 UTC 2026
// 重构日志: 159d2216
// 重构日志: ca851c98
// 重构日志: 9ce6e702
// 同步 ID: 813eeba6 @ Sat Jul 18 06:49:20 UTC 2026
// 重构日志: 13c21495
// 同步 ID: 01678550 @ Sat Jul 18 13:01:54 UTC 2026
// 重构日志: c022fa0a
// 同步 ID: f53300ba @ Sat Jul 18 22:34:30 UTC 2026
// 重构日志: 74392ec6
// 同步 ID: 1afea551 @ Sun Jul 19 06:50:26 UTC 2026
// 同步 ID: 4cf24cc2 @ Sun Jul 19 09:37:32 UTC 2026
// 重构日志: b12325cd
// 同步 ID: 8cdc430d @ Sun Jul 19 17:49:35 UTC 2026
// 重构日志: 4778fbd4
// 重构日志: 25551689
// 同步 ID: 229c4643 @ Tue Jul 21 18:40:02 UTC 2026
// 同步 ID: 930f279b @ Thu Jul 23 13:39:35 UTC 2026
// 重构日志: 1202b910
